<?xml version="1.0" encoding="UTF-8"?>
<!-- Generated by org.testng.reporters.JUnitReportReporter -->
<testsuite hostname="MacBook-Pro-de-Yohanna.local" failures="0" tests="4" name="scripts.caso0003_Validar_rut_afiliado_a_AFP_Capital" time="12.922" errors="0" timestamp="2020-01-03T10:30:29 CLST" skipped="0">
  <testcase classname="scripts.caso0003_Validar_rut_afiliado_a_AFP_Capital" name="comenzar" time="2.678"/>
  <testcase classname="scripts.caso0003_Validar_rut_afiliado_a_AFP_Capital" name="ingresoManual" time="2.805"/>
  <testcase classname="scripts.caso0003_Validar_rut_afiliado_a_AFP_Capital" name="ingresarRut" time="4.745"/>
  <testcase classname="scripts.caso0003_Validar_rut_afiliado_a_AFP_Capital" name="ContinuarRut" time="2.694"/>
</testsuite> <!-- scripts.caso0003_Validar_rut_afiliado_a_AFP_Capital -->
