<?xml version="1.0" encoding="UTF-8"?>
<!-- Generated by org.testng.reporters.JUnitReportReporter -->
<testsuite hostname="MacBook-Pro-de-Yohanna.local" failures="0" tests="4" name="scripts.caso0004_Validar_carnet_de_identidad_no_vigente" time="12.839" errors="0" timestamp="2020-01-03T10:31:17 CLST" skipped="0">
  <testcase classname="scripts.caso0004_Validar_carnet_de_identidad_no_vigente" name="comenzar" time="2.682"/>
  <testcase classname="scripts.caso0004_Validar_carnet_de_identidad_no_vigente" name="ingresoManual" time="2.781"/>
  <testcase classname="scripts.caso0004_Validar_carnet_de_identidad_no_vigente" name="ingresarRut" time="4.724"/>
  <testcase classname="scripts.caso0004_Validar_carnet_de_identidad_no_vigente" name="ContinuarRut" time="2.652"/>
</testsuite> <!-- scripts.caso0004_Validar_carnet_de_identidad_no_vigente -->
