<?xml version="1.0" encoding="UTF-8"?>
<!-- Generated by org.testng.reporters.JUnitReportReporter -->
<testsuite hostname="MacBook-Pro-de-Yohanna.local" failures="0" tests="4" name="scripts.caso0001_Validar_rut_No_afiliado_al_sistema_AFP" time="11.841" errors="0" timestamp="2020-03-05T17:15:28 CLST" skipped="0">
  <testcase classname="scripts.caso0001_Validar_rut_No_afiliado_al_sistema_AFP" name="comenzar" time="2.700"/>
  <testcase classname="scripts.caso0001_Validar_rut_No_afiliado_al_sistema_AFP" name="ingresoManual" time="2.710"/>
  <testcase classname="scripts.caso0001_Validar_rut_No_afiliado_al_sistema_AFP" name="ingresarRut" time="3.712"/>
  <testcase classname="scripts.caso0001_Validar_rut_No_afiliado_al_sistema_AFP" name="ContinuarRut" time="2.719"/>
</testsuite> <!-- scripts.caso0001_Validar_rut_No_afiliado_al_sistema_AFP -->
