<?xml version="1.0" encoding="UTF-8"?>
<!-- Generated by org.testng.reporters.JUnitReportReporter -->
<testsuite hostname="MacBook-Pro-de-Yohanna.local" failures="0" tests="4" name="scripts.caso0002_Validar_rut_incorporado_al_sistema_AFP_sujeto_a_licitacion_AFP_UNO" time="11.885" errors="0" timestamp="2020-01-03T10:29:25 CLST" skipped="0">
  <testcase classname="scripts.caso0002_Validar_rut_incorporado_al_sistema_AFP_sujeto_a_licitacion_AFP_UNO" name="comenzar" time="2.683"/>
  <testcase classname="scripts.caso0002_Validar_rut_incorporado_al_sistema_AFP_sujeto_a_licitacion_AFP_UNO" name="ingresoManual" time="2.785"/>
  <testcase classname="scripts.caso0002_Validar_rut_incorporado_al_sistema_AFP_sujeto_a_licitacion_AFP_UNO" name="ingresarRut" time="3.749"/>
  <testcase classname="scripts.caso0002_Validar_rut_incorporado_al_sistema_AFP_sujeto_a_licitacion_AFP_UNO" name="ContinuarRut" time="2.668"/>
</testsuite> <!-- scripts.caso0002_Validar_rut_incorporado_al_sistema_AFP_sujeto_a_licitacion_AFP_UNO -->
